<?xml version="1.0" encoding="UTF-8"?>
<testng-results skipped="0" failed="0" ignored="0" total="2" passed="2">
  <reporter-output>
  </reporter-output>
  <suite name="Default suite" duration-ms="64" started-at="2020-11-25T08:00:43Z" finished-at="2020-11-25T08:00:43Z">
    <groups>
    </groups>
    <test name="Default test" duration-ms="64" started-at="2020-11-25T08:00:43Z" finished-at="2020-11-25T08:00:43Z">
      <class name="InheritanceTestng.Child">
        <test-method status="PASS" signature="m1()[pri:0, instance:InheritanceTestng.Child@1dc339b]" name="m1" is-config="true" duration-ms="16" started-at="2020-11-25T08:00:43Z" finished-at="2020-11-25T08:00:43Z">
          <reporter-output>
          </reporter-output>
        </test-method> <!-- m1 -->
        <test-method status="PASS" signature="m2()[pri:0, instance:InheritanceTestng.Child@1dc339b]" name="m2" is-config="true" duration-ms="0" started-at="2020-11-25T08:00:43Z" finished-at="2020-11-25T08:00:43Z">
          <reporter-output>
          </reporter-output>
        </test-method> <!-- m2 -->
        <test-method status="PASS" signature="test1()[pri:0, instance:InheritanceTestng.Child@1dc339b]" name="test1" duration-ms="0" started-at="2020-11-25T08:00:43Z" finished-at="2020-11-25T08:00:43Z">
          <reporter-output>
          </reporter-output>
        </test-method> <!-- test1 -->
        <test-method status="PASS" signature="m4()[pri:0, instance:InheritanceTestng.Child@1dc339b]" name="m4" is-config="true" duration-ms="0" started-at="2020-11-25T08:00:43Z" finished-at="2020-11-25T08:00:43Z">
          <reporter-output>
          </reporter-output>
        </test-method> <!-- m4 -->
        <test-method status="PASS" signature="test2()[pri:1, instance:InheritanceTestng.Child@1dc339b]" name="test2" duration-ms="0" started-at="2020-11-25T08:00:43Z" finished-at="2020-11-25T08:00:43Z">
          <reporter-output>
          </reporter-output>
        </test-method> <!-- test2 -->
        <test-method status="PASS" signature="m3()[pri:0, instance:InheritanceTestng.Child@1dc339b]" name="m3" is-config="true" duration-ms="0" started-at="2020-11-25T08:00:43Z" finished-at="2020-11-25T08:00:43Z">
          <reporter-output>
          </reporter-output>
        </test-method> <!-- m3 -->
      </class> <!-- InheritanceTestng.Child -->
    </test> <!-- Default test -->
  </suite> <!-- Default suite -->
</testng-results>
